<?xml version="1.0" encoding="UTF-8"?>
<testsuite xmlns:xsi="http://www.w3.org/2001/XMLSchema-instance" xsi:noNamespaceSchemaLocation="https://maven.apache.org/surefire/maven-surefire-plugin/xsd/surefire-test-report-3.0.xsd" version="3.0" name="dat3.cars.service.MemberServiceH2Test" time="2.331" tests="13" errors="0" skipped="0" failures="0">
  <properties>
[...]
</properties>
  <testcase name="testDeleteMember_ThatDontExist" classname="dat3.cars.service.MemberServiceH2Test" time="0.158">
    <system-out><![CDATA[2023-09-24T16:49:13.572+02:00  INFO 1460 --- [           main] t.c.s.AnnotationConfigContextLoaderUtils : Could not detect default configuration classes for test class [dat3.cars.service.MemberServiceH2Test]: MemberServiceH2Test does not declare any static, non-private, non-final, nested classes annotated with @Configuration.
2023-09-24T16:49:13.583+02:00  INFO 1460 --- [           main] .b.t.c.SpringBootTestContextBootstrapper : Found @SpringBootConfiguration dat3.CarsApplication for test class dat3.cars.service.MemberServiceH2Test
Hibernate: select m1_0.username,m1_0.created,m1_0.edited,m1_0.email,m1_0.enabled,m1_0.password,m1_0.member_approved,m1_0.member_city,m1_0.member_fname,m1_0.member_lname,m1_0.member_ranking,m1_0.street,m1_0.member_zip,r1_0.user_with_roles_username,r1_0.roles from user_with_roles m1_0 left join security_role r1_0 on m1_0.username=r1_0.user_with_roles_username where m1_0.discriminator_type='Member' and m1_0.username=?
Hibernate: select m1_0.username,m1_0.created,m1_0.edited,m1_0.email,m1_0.enabled,m1_0.password,m1_0.member_approved,m1_0.member_city,m1_0.member_fname,m1_0.member_lname,m1_0.member_ranking,m1_0.street,m1_0.member_zip,r1_0.user_with_roles_username,r1_0.roles from user_with_roles m1_0 left join security_role r1_0 on m1_0.username=r1_0.user_with_roles_username where m1_0.discriminator_type='Member' and m1_0.username=?
Hibernate: select m1_0.username,m1_0.created,m1_0.edited,m1_0.email,m1_0.enabled,m1_0.password,m1_0.member_approved,m1_0.member_city,m1_0.member_fname,m1_0.member_lname,m1_0.member_ranking,m1_0.street,m1_0.member_zip,r1_0.user_with_roles_username,r1_0.roles from user_with_roles m1_0 left join security_role r1_0 on m1_0.username=r1_0.user_with_roles_username where m1_0.discriminator_type='Member' and m1_0.username=?
]]></system-out>
  </testcase>
  <testcase name="testGetMembersAllDetails" classname="dat3.cars.service.MemberServiceH2Test" time="0.157">
    <system-out><![CDATA[Hibernate: select m1_0.username,m1_0.created,m1_0.edited,m1_0.email,m1_0.enabled,m1_0.password,m1_0.member_approved,m1_0.member_city,m1_0.member_fname,m1_0.member_lname,m1_0.member_ranking,m1_0.street,m1_0.member_zip,r1_0.user_with_roles_username,r1_0.roles from user_with_roles m1_0 left join security_role r1_0 on m1_0.username=r1_0.user_with_roles_username where m1_0.discriminator_type='Member' and m1_0.username=?
Hibernate: select m1_0.username,m1_0.created,m1_0.edited,m1_0.email,m1_0.enabled,m1_0.password,m1_0.member_approved,m1_0.member_city,m1_0.member_fname,m1_0.member_lname,m1_0.member_ranking,m1_0.street,m1_0.member_zip,r1_0.user_with_roles_username,r1_0.roles from user_with_roles m1_0 left join security_role r1_0 on m1_0.username=r1_0.user_with_roles_username where m1_0.discriminator_type='Member' and m1_0.username=?
Hibernate: insert into user_with_roles (created,edited,email,enabled,password,member_approved,member_city,member_fname,member_lname,member_ranking,street,member_zip,discriminator_type,username) values (?,?,?,?,?,?,?,?,?,?,?,?,'Member',?)
Hibernate: insert into user_with_roles (created,edited,email,enabled,password,member_approved,member_city,member_fname,member_lname,member_ranking,street,member_zip,discriminator_type,username) values (?,?,?,?,?,?,?,?,?,?,?,?,'Member',?)
Hibernate: select m1_0.username,m1_0.created,m1_0.edited,m1_0.email,m1_0.enabled,m1_0.password,m1_0.member_approved,m1_0.member_city,m1_0.member_fname,m1_0.member_lname,m1_0.member_ranking,m1_0.street,m1_0.member_zip from user_with_roles m1_0 where m1_0.discriminator_type='Member'
]]></system-out>
  </testcase>
  <testcase name="testSetRankingForUser" classname="dat3.cars.service.MemberServiceH2Test" time="0.157">
    <system-out><![CDATA[Hibernate: select m1_0.username,m1_0.created,m1_0.edited,m1_0.email,m1_0.enabled,m1_0.password,m1_0.member_approved,m1_0.member_city,m1_0.member_fname,m1_0.member_lname,m1_0.member_ranking,m1_0.street,m1_0.member_zip,r1_0.user_with_roles_username,r1_0.roles from user_with_roles m1_0 left join security_role r1_0 on m1_0.username=r1_0.user_with_roles_username where m1_0.discriminator_type='Member' and m1_0.username=?
Hibernate: select m1_0.username,m1_0.created,m1_0.edited,m1_0.email,m1_0.enabled,m1_0.password,m1_0.member_approved,m1_0.member_city,m1_0.member_fname,m1_0.member_lname,m1_0.member_ranking,m1_0.street,m1_0.member_zip,r1_0.user_with_roles_username,r1_0.roles from user_with_roles m1_0 left join security_role r1_0 on m1_0.username=r1_0.user_with_roles_username where m1_0.discriminator_type='Member' and m1_0.username=?
]]></system-out>
  </testcase>
  <testcase name="testEditMemberChangePrimaryKey" classname="dat3.cars.service.MemberServiceH2Test" time="0.163">
    <system-out><![CDATA[Hibernate: select m1_0.username,m1_0.created,m1_0.edited,m1_0.email,m1_0.enabled,m1_0.password,m1_0.member_approved,m1_0.member_city,m1_0.member_fname,m1_0.member_lname,m1_0.member_ranking,m1_0.street,m1_0.member_zip,r1_0.user_with_roles_username,r1_0.roles from user_with_roles m1_0 left join security_role r1_0 on m1_0.username=r1_0.user_with_roles_username where m1_0.discriminator_type='Member' and m1_0.username=?
Hibernate: select m1_0.username,m1_0.created,m1_0.edited,m1_0.email,m1_0.enabled,m1_0.password,m1_0.member_approved,m1_0.member_city,m1_0.member_fname,m1_0.member_lname,m1_0.member_ranking,m1_0.street,m1_0.member_zip,r1_0.user_with_roles_username,r1_0.roles from user_with_roles m1_0 left join security_role r1_0 on m1_0.username=r1_0.user_with_roles_username where m1_0.discriminator_type='Member' and m1_0.username=?
]]></system-out>
  </testcase>
  <testcase name="testEditMemberNON_ExistingUsername" classname="dat3.cars.service.MemberServiceH2Test" time="0.166">
    <system-out><![CDATA[Hibernate: select m1_0.username,m1_0.created,m1_0.edited,m1_0.email,m1_0.enabled,m1_0.password,m1_0.member_approved,m1_0.member_city,m1_0.member_fname,m1_0.member_lname,m1_0.member_ranking,m1_0.street,m1_0.member_zip,r1_0.user_with_roles_username,r1_0.roles from user_with_roles m1_0 left join security_role r1_0 on m1_0.username=r1_0.user_with_roles_username where m1_0.discriminator_type='Member' and m1_0.username=?
Hibernate: select m1_0.username,m1_0.created,m1_0.edited,m1_0.email,m1_0.enabled,m1_0.password,m1_0.member_approved,m1_0.member_city,m1_0.member_fname,m1_0.member_lname,m1_0.member_ranking,m1_0.street,m1_0.member_zip,r1_0.user_with_roles_username,r1_0.roles from user_with_roles m1_0 left join security_role r1_0 on m1_0.username=r1_0.user_with_roles_username where m1_0.discriminator_type='Member' and m1_0.username=?
Hibernate: select m1_0.username,m1_0.created,m1_0.edited,m1_0.email,m1_0.enabled,m1_0.password,m1_0.member_approved,m1_0.member_city,m1_0.member_fname,m1_0.member_lname,m1_0.member_ranking,m1_0.street,m1_0.member_zip,r1_0.user_with_roles_username,r1_0.roles from user_with_roles m1_0 left join security_role r1_0 on m1_0.username=r1_0.user_with_roles_username where m1_0.discriminator_type='Member' and m1_0.username=?
]]></system-out>
  </testcase>
  <testcase name="testAddMember_UserDoesNotExist" classname="dat3.cars.service.MemberServiceH2Test" time="0.289">
    <system-out><![CDATA[Hibernate: select m1_0.username,m1_0.created,m1_0.edited,m1_0.email,m1_0.enabled,m1_0.password,m1_0.member_approved,m1_0.member_city,m1_0.member_fname,m1_0.member_lname,m1_0.member_ranking,m1_0.street,m1_0.member_zip,r1_0.user_with_roles_username,r1_0.roles from user_with_roles m1_0 left join security_role r1_0 on m1_0.username=r1_0.user_with_roles_username where m1_0.discriminator_type='Member' and m1_0.username=?
Hibernate: select m1_0.username,m1_0.created,m1_0.edited,m1_0.email,m1_0.enabled,m1_0.password,m1_0.member_approved,m1_0.member_city,m1_0.member_fname,m1_0.member_lname,m1_0.member_ranking,m1_0.street,m1_0.member_zip,r1_0.user_with_roles_username,r1_0.roles from user_with_roles m1_0 left join security_role r1_0 on m1_0.username=r1_0.user_with_roles_username where m1_0.discriminator_type='Member' and m1_0.username=?
Hibernate: insert into user_with_roles (created,edited,email,enabled,password,member_approved,member_city,member_fname,member_lname,member_ranking,street,member_zip,discriminator_type,username) values (?,?,?,?,?,?,?,?,?,?,?,?,'Member',?)
Hibernate: insert into user_with_roles (created,edited,email,enabled,password,member_approved,member_city,member_fname,member_lname,member_ranking,street,member_zip,discriminator_type,username) values (?,?,?,?,?,?,?,?,?,?,?,?,'Member',?)
Hibernate: select count(*) from user_with_roles m1_0 where m1_0.username=? and m1_0.discriminator_type='Member'
Hibernate: select m1_0.username,m1_0.created,m1_0.edited,m1_0.email,m1_0.enabled,m1_0.password,m1_0.member_approved,m1_0.member_city,m1_0.member_fname,m1_0.member_lname,m1_0.member_ranking,m1_0.street,m1_0.member_zip,r1_0.user_with_roles_username,r1_0.roles from user_with_roles m1_0 left join security_role r1_0 on m1_0.username=r1_0.user_with_roles_username where m1_0.discriminator_type='Member' and m1_0.username=?
Hibernate: insert into user_with_roles (created,edited,email,enabled,password,member_approved,member_city,member_fname,member_lname,member_ranking,street,member_zip,discriminator_type,username) values (?,?,?,?,?,?,?,?,?,?,?,?,'Member',?)
Hibernate: select count(*) from user_with_roles m1_0 where m1_0.username=? and m1_0.discriminator_type='Member'
]]></system-out>
  </testcase>
  <testcase name="testEditMemberWithExistingUsername" classname="dat3.cars.service.MemberServiceH2Test" time="0.248">
    <system-out><![CDATA[Hibernate: select m1_0.username,m1_0.created,m1_0.edited,m1_0.email,m1_0.enabled,m1_0.password,m1_0.member_approved,m1_0.member_city,m1_0.member_fname,m1_0.member_lname,m1_0.member_ranking,m1_0.street,m1_0.member_zip,r1_0.user_with_roles_username,r1_0.roles from user_with_roles m1_0 left join security_role r1_0 on m1_0.username=r1_0.user_with_roles_username where m1_0.discriminator_type='Member' and m1_0.username=?
Hibernate: select m1_0.username,m1_0.created,m1_0.edited,m1_0.email,m1_0.enabled,m1_0.password,m1_0.member_approved,m1_0.member_city,m1_0.member_fname,m1_0.member_lname,m1_0.member_ranking,m1_0.street,m1_0.member_zip,r1_0.user_with_roles_username,r1_0.roles from user_with_roles m1_0 left join security_role r1_0 on m1_0.username=r1_0.user_with_roles_username where m1_0.discriminator_type='Member' and m1_0.username=?
Hibernate: insert into user_with_roles (created,edited,email,enabled,password,member_approved,member_city,member_fname,member_lname,member_ranking,street,member_zip,discriminator_type,username) values (?,?,?,?,?,?,?,?,?,?,?,?,'Member',?)
Hibernate: insert into user_with_roles (created,edited,email,enabled,password,member_approved,member_city,member_fname,member_lname,member_ranking,street,member_zip,discriminator_type,username) values (?,?,?,?,?,?,?,?,?,?,?,?,'Member',?)
Hibernate: update user_with_roles set created=?,edited=?,email=?,enabled=?,password=?,member_approved=?,member_city=?,member_fname=?,member_lname=?,member_ranking=?,street=?,member_zip=? where username=?
]]></system-out>
  </testcase>
  <testcase name="testFindByIdNotFound" classname="dat3.cars.service.MemberServiceH2Test" time="0.155">
    <system-out><![CDATA[Hibernate: select m1_0.username,m1_0.created,m1_0.edited,m1_0.email,m1_0.enabled,m1_0.password,m1_0.member_approved,m1_0.member_city,m1_0.member_fname,m1_0.member_lname,m1_0.member_ranking,m1_0.street,m1_0.member_zip,r1_0.user_with_roles_username,r1_0.roles from user_with_roles m1_0 left join security_role r1_0 on m1_0.username=r1_0.user_with_roles_username where m1_0.discriminator_type='Member' and m1_0.username=?
Hibernate: select m1_0.username,m1_0.created,m1_0.edited,m1_0.email,m1_0.enabled,m1_0.password,m1_0.member_approved,m1_0.member_city,m1_0.member_fname,m1_0.member_lname,m1_0.member_ranking,m1_0.street,m1_0.member_zip,r1_0.user_with_roles_username,r1_0.roles from user_with_roles m1_0 left join security_role r1_0 on m1_0.username=r1_0.user_with_roles_username where m1_0.discriminator_type='Member' and m1_0.username=?
Hibernate: select m1_0.username,m1_0.created,m1_0.edited,m1_0.email,m1_0.enabled,m1_0.password,m1_0.member_approved,m1_0.member_city,m1_0.member_fname,m1_0.member_lname,m1_0.member_ranking,m1_0.street,m1_0.member_zip,r1_0.user_with_roles_username,r1_0.roles from user_with_roles m1_0 left join security_role r1_0 on m1_0.username=r1_0.user_with_roles_username where m1_0.discriminator_type='Member' and m1_0.username=?
]]></system-out>
  </testcase>
  <testcase name="testAddMember_UserDoesExist" classname="dat3.cars.service.MemberServiceH2Test" time="0.164">
    <system-out><![CDATA[Hibernate: select m1_0.username,m1_0.created,m1_0.edited,m1_0.email,m1_0.enabled,m1_0.password,m1_0.member_approved,m1_0.member_city,m1_0.member_fname,m1_0.member_lname,m1_0.member_ranking,m1_0.street,m1_0.member_zip,r1_0.user_with_roles_username,r1_0.roles from user_with_roles m1_0 left join security_role r1_0 on m1_0.username=r1_0.user_with_roles_username where m1_0.discriminator_type='Member' and m1_0.username=?
Hibernate: select m1_0.username,m1_0.created,m1_0.edited,m1_0.email,m1_0.enabled,m1_0.password,m1_0.member_approved,m1_0.member_city,m1_0.member_fname,m1_0.member_lname,m1_0.member_ranking,m1_0.street,m1_0.member_zip,r1_0.user_with_roles_username,r1_0.roles from user_with_roles m1_0 left join security_role r1_0 on m1_0.username=r1_0.user_with_roles_username where m1_0.discriminator_type='Member' and m1_0.username=?
Hibernate: insert into user_with_roles (created,edited,email,enabled,password,member_approved,member_city,member_fname,member_lname,member_ranking,street,member_zip,discriminator_type,username) values (?,?,?,?,?,?,?,?,?,?,?,?,'Member',?)
Hibernate: insert into user_with_roles (created,edited,email,enabled,password,member_approved,member_city,member_fname,member_lname,member_ranking,street,member_zip,discriminator_type,username) values (?,?,?,?,?,?,?,?,?,?,?,?,'Member',?)
Hibernate: select count(*) from user_with_roles m1_0 where m1_0.username=? and m1_0.discriminator_type='Member'
]]></system-out>
  </testcase>
  <testcase name="testFindByIdFound" classname="dat3.cars.service.MemberServiceH2Test" time="0.157">
    <system-out><![CDATA[Hibernate: select m1_0.username,m1_0.created,m1_0.edited,m1_0.email,m1_0.enabled,m1_0.password,m1_0.member_approved,m1_0.member_city,m1_0.member_fname,m1_0.member_lname,m1_0.member_ranking,m1_0.street,m1_0.member_zip,r1_0.user_with_roles_username,r1_0.roles from user_with_roles m1_0 left join security_role r1_0 on m1_0.username=r1_0.user_with_roles_username where m1_0.discriminator_type='Member' and m1_0.username=?
Hibernate: select m1_0.username,m1_0.created,m1_0.edited,m1_0.email,m1_0.enabled,m1_0.password,m1_0.member_approved,m1_0.member_city,m1_0.member_fname,m1_0.member_lname,m1_0.member_ranking,m1_0.street,m1_0.member_zip,r1_0.user_with_roles_username,r1_0.roles from user_with_roles m1_0 left join security_role r1_0 on m1_0.username=r1_0.user_with_roles_username where m1_0.discriminator_type='Member' and m1_0.username=?
]]></system-out>
  </testcase>
  <testcase name="testGetMembersNoDetails" classname="dat3.cars.service.MemberServiceH2Test" time="0.159">
    <system-out><![CDATA[Hibernate: select m1_0.username,m1_0.created,m1_0.edited,m1_0.email,m1_0.enabled,m1_0.password,m1_0.member_approved,m1_0.member_city,m1_0.member_fname,m1_0.member_lname,m1_0.member_ranking,m1_0.street,m1_0.member_zip,r1_0.user_with_roles_username,r1_0.roles from user_with_roles m1_0 left join security_role r1_0 on m1_0.username=r1_0.user_with_roles_username where m1_0.discriminator_type='Member' and m1_0.username=?
Hibernate: select m1_0.username,m1_0.created,m1_0.edited,m1_0.email,m1_0.enabled,m1_0.password,m1_0.member_approved,m1_0.member_city,m1_0.member_fname,m1_0.member_lname,m1_0.member_ranking,m1_0.street,m1_0.member_zip,r1_0.user_with_roles_username,r1_0.roles from user_with_roles m1_0 left join security_role r1_0 on m1_0.username=r1_0.user_with_roles_username where m1_0.discriminator_type='Member' and m1_0.username=?
Hibernate: insert into user_with_roles (created,edited,email,enabled,password,member_approved,member_city,member_fname,member_lname,member_ranking,street,member_zip,discriminator_type,username) values (?,?,?,?,?,?,?,?,?,?,?,?,'Member',?)
Hibernate: insert into user_with_roles (created,edited,email,enabled,password,member_approved,member_city,member_fname,member_lname,member_ranking,street,member_zip,discriminator_type,username) values (?,?,?,?,?,?,?,?,?,?,?,?,'Member',?)
Hibernate: select m1_0.username,m1_0.created,m1_0.edited,m1_0.email,m1_0.enabled,m1_0.password,m1_0.member_approved,m1_0.member_city,m1_0.member_fname,m1_0.member_lname,m1_0.member_ranking,m1_0.street,m1_0.member_zip from user_with_roles m1_0 where m1_0.discriminator_type='Member'
]]></system-out>
  </testcase>
  <testcase name="testSetRankingForNoExistingUser" classname="dat3.cars.service.MemberServiceH2Test" time="0.166">
    <system-out><![CDATA[Hibernate: select m1_0.username,m1_0.created,m1_0.edited,m1_0.email,m1_0.enabled,m1_0.password,m1_0.member_approved,m1_0.member_city,m1_0.member_fname,m1_0.member_lname,m1_0.member_ranking,m1_0.street,m1_0.member_zip,r1_0.user_with_roles_username,r1_0.roles from user_with_roles m1_0 left join security_role r1_0 on m1_0.username=r1_0.user_with_roles_username where m1_0.discriminator_type='Member' and m1_0.username=?
Hibernate: select m1_0.username,m1_0.created,m1_0.edited,m1_0.email,m1_0.enabled,m1_0.password,m1_0.member_approved,m1_0.member_city,m1_0.member_fname,m1_0.member_lname,m1_0.member_ranking,m1_0.street,m1_0.member_zip,r1_0.user_with_roles_username,r1_0.roles from user_with_roles m1_0 left join security_role r1_0 on m1_0.username=r1_0.user_with_roles_username where m1_0.discriminator_type='Member' and m1_0.username=?
Hibernate: select m1_0.username,m1_0.created,m1_0.edited,m1_0.email,m1_0.enabled,m1_0.password,m1_0.member_approved,m1_0.member_city,m1_0.member_fname,m1_0.member_lname,m1_0.member_ranking,m1_0.street,m1_0.member_zip,r1_0.user_with_roles_username,r1_0.roles from user_with_roles m1_0 left join security_role r1_0 on m1_0.username=r1_0.user_with_roles_username where m1_0.discriminator_type='Member' and m1_0.username=?
]]></system-out>
  </testcase>
  <testcase name="testDeleteMemberByUsername" classname="dat3.cars.service.MemberServiceH2Test" time="0.157">
    <system-out><![CDATA[Hibernate: select m1_0.username,m1_0.created,m1_0.edited,m1_0.email,m1_0.enabled,m1_0.password,m1_0.member_approved,m1_0.member_city,m1_0.member_fname,m1_0.member_lname,m1_0.member_ranking,m1_0.street,m1_0.member_zip,r1_0.user_with_roles_username,r1_0.roles from user_with_roles m1_0 left join security_role r1_0 on m1_0.username=r1_0.user_with_roles_username where m1_0.discriminator_type='Member' and m1_0.username=?
Hibernate: select m1_0.username,m1_0.created,m1_0.edited,m1_0.email,m1_0.enabled,m1_0.password,m1_0.member_approved,m1_0.member_city,m1_0.member_fname,m1_0.member_lname,m1_0.member_ranking,m1_0.street,m1_0.member_zip,r1_0.user_with_roles_username,r1_0.roles from user_with_roles m1_0 left join security_role r1_0 on m1_0.username=r1_0.user_with_roles_username where m1_0.discriminator_type='Member' and m1_0.username=?
Hibernate: insert into user_with_roles (created,edited,email,enabled,password,member_approved,member_city,member_fname,member_lname,member_ranking,street,member_zip,discriminator_type,username) values (?,?,?,?,?,?,?,?,?,?,?,?,'Member',?)
Hibernate: insert into user_with_roles (created,edited,email,enabled,password,member_approved,member_city,member_fname,member_lname,member_ranking,street,member_zip,discriminator_type,username) values (?,?,?,?,?,?,?,?,?,?,?,?,'Member',?)
Hibernate: delete from user_with_roles where username=?
Hibernate: select count(*) from user_with_roles m1_0 where m1_0.username=? and m1_0.discriminator_type='Member'
]]></system-out>
  </testcase>
</testsuite>