<?xml version="1.0" encoding="UTF-8"?>
<testsuite xmlns:xsi="http://www.w3.org/2001/XMLSchema-instance" xsi:noNamespaceSchemaLocation="https://maven.apache.org/surefire/maven-surefire-plugin/xsd/surefire-test-report-3.0.xsd" version="3.0" name="dat3.cars.repository.CarRepositoryTest" time="7.302" tests="6" errors="0" skipped="0" failures="0">
  <properties>
[...]
</properties>
  <testcase name="testAll" classname="dat3.cars.repository.CarRepositoryTest" time="1.013">
    <system-out><![CDATA[16:49:05.521 [main] INFO org.springframework.test.context.support.AnnotationConfigContextLoaderUtils -- Could not detect default configuration classes for test class [dat3.cars.repository.CarRepositoryTest]: CarRepositoryTest does not declare any static, non-private, non-final, nested classes annotated with @Configuration.
16:49:05.739 [main] INFO org.springframework.boot.test.context.SpringBootTestContextBootstrapper -- Found @SpringBootConfiguration dat3.CarsApplication for test class dat3.cars.repository.CarRepositoryTest

  .   ____          _            __ _ _
 /\\ / ___'_ __ _ _(_)_ __  __ _ \ \ \ \
( ( )\___ | '_ | '_| | '_ \/ _` | \ \ \ \
 \\/  ___)| |_)| | | | | || (_| |  ) ) ) )
  '  |____| .__|_| |_|_| |_\__, | / / / /
 =========|_|==============|___/=/_/_/_/
 :: Spring Boot ::                (v3.1.2)

2023-09-24T16:49:06.386+02:00  INFO 1460 --- [           main] dat3.cars.repository.CarRepositoryTest   : Starting CarRepositoryTest using Java 20.0.2 with PID 1460 (started by laura in C:\Users\laura\OneDrive\Skrivebord\3Semester\Programmering\Cars)
2023-09-24T16:49:06.388+02:00  INFO 1460 --- [           main] dat3.cars.repository.CarRepositoryTest   : No active profile set, falling back to 1 default profile: "default"
2023-09-24T16:49:07.000+02:00  INFO 1460 --- [           main] .s.d.r.c.RepositoryConfigurationDelegate : Bootstrapping Spring Data JPA repositories in DEFAULT mode.
2023-09-24T16:49:07.104+02:00  INFO 1460 --- [           main] .s.d.r.c.RepositoryConfigurationDelegate : Finished Spring Data repository scanning in 92 ms. Found 4 JPA repository interfaces.
2023-09-24T16:49:07.186+02:00  INFO 1460 --- [           main] beddedDataSourceBeanFactoryPostProcessor : Replacing 'dataSource' DataSource bean with embedded version
2023-09-24T16:49:07.518+02:00  INFO 1460 --- [           main] o.s.j.d.e.EmbeddedDatabaseFactory        : Starting embedded database: url='jdbc:h2:mem:5aecf512-9dd9-4eb5-a44a-1635ae890fdc;DB_CLOSE_DELAY=-1;DB_CLOSE_ON_EXIT=false', username='sa'
2023-09-24T16:49:07.889+02:00  INFO 1460 --- [           main] o.hibernate.jpa.internal.util.LogHelper  : HHH000204: Processing PersistenceUnitInfo [name: default]
2023-09-24T16:49:07.960+02:00  INFO 1460 --- [           main] org.hibernate.Version                    : HHH000412: Hibernate ORM core version 6.2.6.Final
2023-09-24T16:49:07.963+02:00  INFO 1460 --- [           main] org.hibernate.cfg.Environment            : HHH000406: Using bytecode reflection optimizer
2023-09-24T16:49:08.155+02:00  INFO 1460 --- [           main] o.h.b.i.BytecodeProviderInitiator        : HHH000021: Bytecode provider name : bytebuddy
2023-09-24T16:49:08.358+02:00  INFO 1460 --- [           main] o.s.o.j.p.SpringPersistenceUnitInfo      : No LoadTimeWeaver setup: ignoring JPA class transformer
2023-09-24T16:49:08.832+02:00  INFO 1460 --- [           main] o.h.b.i.BytecodeProviderInitiator        : HHH000021: Bytecode provider name : bytebuddy
2023-09-24T16:49:09.805+02:00  INFO 1460 --- [           main] o.h.e.t.j.p.i.JtaPlatformInitiator       : HHH000490: Using JtaPlatform implementation: [org.hibernate.engine.transaction.jta.platform.internal.NoJtaPlatform]
Hibernate: drop table if exists car cascade 
Hibernate: drop table if exists reservation cascade 
Hibernate: drop table if exists security_role cascade 
Hibernate: drop table if exists user_with_roles cascade 
Hibernate: create table car (id integer generated by default as identity, max_discount integer, rental_price_day float(53), created timestamp(6), edited timestamp(6), car_brand varchar(50) not null, car_model varchar(60) not null, primary key (id))
Hibernate: create table reservation (car_id integer, id integer generated by default as identity, rental_date date, created timestamp(6), edited timestamp(6), member_username varchar(50), primary key (id))
Hibernate: create table security_role (user_with_roles_username varchar(50) not null, roles ENUM('USER','ADMIN') check (roles in ('USER','ADMIN')))
Hibernate: create table user_with_roles (enabled boolean not null, member_approved boolean, member_ranking integer, created timestamp(6), edited timestamp(6), discriminator_type varchar(31) not null, email varchar(50) not null unique, username varchar(50) not null, password varchar(60) not null, member_city varchar(255), member_fname varchar(255), member_lname varchar(255), member_zip varchar(255), street varchar(255), primary key (username))
Hibernate: alter table if exists reservation add constraint FKgkmbspv7rljixxoxo1af80lpp foreign key (car_id) references car
Hibernate: alter table if exists reservation add constraint FKm22g6dqxnscpj0h8dul3p1ulw foreign key (member_username) references user_with_roles
Hibernate: alter table if exists security_role add constraint FKcaetwsdb6qvbhum0rlf48px8o foreign key (user_with_roles_username) references user_with_roles
2023-09-24T16:49:09.871+02:00  INFO 1460 --- [           main] j.LocalContainerEntityManagerFactoryBean : Initialized JPA EntityManagerFactory for persistence unit 'default'
2023-09-24T16:49:10.557+02:00  INFO 1460 --- [           main] o.s.d.j.r.query.QueryEnhancerFactory     : Hibernate is in classpath; If applicable, HQL parser will be used.
2023-09-24T16:49:11.322+02:00  INFO 1460 --- [           main] dat3.cars.repository.CarRepositoryTest   : Started CarRepositoryTest in 5.458 seconds (process running for 7.12)
Hibernate: insert into car (car_brand,created,edited,max_discount,car_model,rental_price_day,id) values (?,?,?,?,?,?,default)
Hibernate: insert into car (car_brand,created,edited,max_discount,car_model,rental_price_day,id) values (?,?,?,?,?,?,default)
Hibernate: insert into car (car_brand,created,edited,max_discount,car_model,rental_price_day,id) values (?,?,?,?,?,?,default)
Hibernate: select count(*) from car c1_0
]]></system-out>
  </testcase>
  <testcase name="findCarsWithBestDiscountDescending" classname="dat3.cars.repository.CarRepositoryTest" time="0.05">
    <system-out><![CDATA[Hibernate: insert into car (car_brand,created,edited,max_discount,car_model,rental_price_day,id) values (?,?,?,?,?,?,default)
Hibernate: insert into car (car_brand,created,edited,max_discount,car_model,rental_price_day,id) values (?,?,?,?,?,?,default)
Hibernate: insert into car (car_brand,created,edited,max_discount,car_model,rental_price_day,id) values (?,?,?,?,?,?,default)
Hibernate: select c1_0.id,c1_0.car_brand,c1_0.created,c1_0.edited,c1_0.max_discount,c1_0.car_model,c1_0.rental_price_day from car c1_0 order by c1_0.max_discount desc
]]></system-out>
  </testcase>
  <testcase name="deleteAll" classname="dat3.cars.repository.CarRepositoryTest" time="0.049">
    <system-out><![CDATA[Hibernate: insert into car (car_brand,created,edited,max_discount,car_model,rental_price_day,id) values (?,?,?,?,?,?,default)
Hibernate: insert into car (car_brand,created,edited,max_discount,car_model,rental_price_day,id) values (?,?,?,?,?,?,default)
Hibernate: insert into car (car_brand,created,edited,max_discount,car_model,rental_price_day,id) values (?,?,?,?,?,?,default)
Hibernate: select c1_0.id,c1_0.car_brand,c1_0.created,c1_0.edited,c1_0.max_discount,c1_0.car_model,c1_0.rental_price_day from car c1_0
Hibernate: delete from car where id=?
Hibernate: delete from car where id=?
Hibernate: delete from car where id=?
Hibernate: select count(*) from car c1_0
]]></system-out>
  </testcase>
  <testcase name="findAverageRentalPriceDay" classname="dat3.cars.repository.CarRepositoryTest" time="0.025">
    <system-out><![CDATA[Hibernate: insert into car (car_brand,created,edited,max_discount,car_model,rental_price_day,id) values (?,?,?,?,?,?,default)
Hibernate: insert into car (car_brand,created,edited,max_discount,car_model,rental_price_day,id) values (?,?,?,?,?,?,default)
Hibernate: insert into car (car_brand,created,edited,max_discount,car_model,rental_price_day,id) values (?,?,?,?,?,?,default)
Hibernate: select cast(avg(c1_0.rental_price_day) as integer) from car c1_0
]]></system-out>
  </testcase>
  <testcase name="findByBrandAndModel" classname="dat3.cars.repository.CarRepositoryTest" time="0.032">
    <system-out><![CDATA[Hibernate: insert into car (car_brand,created,edited,max_discount,car_model,rental_price_day,id) values (?,?,?,?,?,?,default)
Hibernate: insert into car (car_brand,created,edited,max_discount,car_model,rental_price_day,id) values (?,?,?,?,?,?,default)
Hibernate: insert into car (car_brand,created,edited,max_discount,car_model,rental_price_day,id) values (?,?,?,?,?,?,default)
Hibernate: select c1_0.id,c1_0.car_brand,c1_0.created,c1_0.edited,c1_0.max_discount,c1_0.car_model,c1_0.rental_price_day from car c1_0 where c1_0.car_brand=? and c1_0.car_model=?
]]></system-out>
  </testcase>
  <testcase name="findAllCarsWithoutReservations" classname="dat3.cars.repository.CarRepositoryTest" time="0.023">
    <system-out><![CDATA[Hibernate: insert into car (car_brand,created,edited,max_discount,car_model,rental_price_day,id) values (?,?,?,?,?,?,default)
Hibernate: insert into car (car_brand,created,edited,max_discount,car_model,rental_price_day,id) values (?,?,?,?,?,?,default)
Hibernate: insert into car (car_brand,created,edited,max_discount,car_model,rental_price_day,id) values (?,?,?,?,?,?,default)
Hibernate: select c1_0.id,c1_0.car_brand,c1_0.created,c1_0.edited,c1_0.max_discount,c1_0.car_model,c1_0.rental_price_day from car c1_0 where not exists(select 1 from reservation r1_0 where c1_0.id=r1_0.car_id)
]]></system-out>
  </testcase>
</testsuite>